<?xml version="1.0" encoding="UTF-8"?>
<!-- Generated by org.testng.reporters.JUnitXMLReporter -->
<testsuite ignored="1" hostname="Vediths-MacBook-Pro.local" failures="0" tests="6" name="Car Loan" time="0.222" errors="0" timestamp="2025-10-01T21:22:57 IST">
  <testcase classname="test.day3" name="MobileSignInCar" time="0.02"/>
  <testcase classname="test.day3" name="MobileSignOutCar" time="0.002"/>
  <testcase classname="test.day3" name="MobileSignOutCar" time="0.003"/>
  <testcase classname="test.day3" name="MobileSignOutCar" time="0.001"/>
  <testcase classname="test.day3" name="WebLoginCar" time="0.004"/>
  <testcase classname="test.day3" name="LoginAPICar" time="0.022"/>
  <testcase classname="test.day3" name="MobileLoginCar" time="0.0">
    <ignored/>
  </testcase> <!-- MobileLoginCar -->
</testsuite> <!-- Car Loan -->
