<?xml version="1.0" encoding="UTF-8"?>
<!-- Generated by org.testng.reporters.JUnitXMLReporter -->
<testsuite ignored="1" hostname="Vediths-MacBook-Pro.local" failures="1" tests="6" name="Personal Loan" time="0.177" errors="0" timestamp="2025-10-01T21:22:57 IST">
  <testcase classname="test.day1" name="demo" time="0.022"/>
  <testcase classname="test.day2" name="demo2" time="0.017">
    <failure type="java.lang.AssertionError" message="expected [true] but found [false]">
      <![CDATA[java.lang.AssertionError: expected [true] but found [false]
at test.day2.demo2(day2.java:33)
at java.base/java.util.ArrayList.forEach(ArrayList.java:1596)
at java.base/java.util.concurrent.FutureTask.run(FutureTask.java:317)
at java.base/java.util.concurrent.ThreadPoolExecutor.runWorker(ThreadPoolExecutor.java:1144)
at java.base/java.util.concurrent.ThreadPoolExecutor$Worker.run(ThreadPoolExecutor.java:642)
at java.base/java.lang.Thread.run(Thread.java:1583)
... Removed 19 stack frames]]>
    </failure>
  </testcase> <!-- demo2 -->
  <testcase classname="test.day2" name="ploan" time="0.013"/>
  <testcase classname="test.day4" name="LoginAPIHome" time="0.003"/>
  <testcase classname="test.day4" name="MobileLoginHome" time="0.007"/>
  <testcase classname="test.day4" name="WebLoginHome" time="0.003"/>
  <testcase classname="test.day1" name="demo1" time="0.0">
    <ignored/>
  </testcase> <!-- demo1 -->
</testsuite> <!-- Personal Loan -->
