<?xml version="1.0" encoding="UTF-8"?>
<!-- Generated by org.testng.reporters.JUnitXMLReporter -->
<testsuite ignored="7" hostname="Vediths-MacBook-Pro.local" failures="0" tests="4" name="Regression" time="0.116" errors="0" timestamp="2025-10-01T13:36:10 IST">
  <testcase classname="test.day1" name="demo" time="0.026"/>
  <testcase classname="test.day2" name="ploan" time="0.004"/>
  <testcase classname="test.day3" name="WebLoginCar" time="0.003"/>
  <testcase classname="test.day4" name="LoginAPIHome" time="0.004"/>
  <testcase classname="test.day1" name="demo1" time="0.0">
    <ignored/>
  </testcase> <!-- demo1 -->
  <testcase classname="test.day3" name="MobileSignOutCar" time="0.0">
    <ignored/>
  </testcase> <!-- MobileSignOutCar -->
  <testcase classname="test.day4" name="WebLoginHome" time="0.0">
    <ignored/>
  </testcase> <!-- WebLoginHome -->
  <testcase classname="test.day4" name="MobileLoginHome" time="0.0">
    <ignored/>
  </testcase> <!-- MobileLoginHome -->
  <testcase classname="test.day3" name="LoginAPICar" time="0.0">
    <ignored/>
  </testcase> <!-- LoginAPICar -->
  <testcase classname="test.day3" name="MobileSignInCar" time="0.0">
    <ignored/>
  </testcase> <!-- MobileSignInCar -->
  <testcase classname="test.day3" name="MobileLoginCar" time="0.0">
    <ignored/>
  </testcase> <!-- MobileLoginCar -->
</testsuite> <!-- Regression -->
