<?xml version="1.0" encoding="UTF-8"?>
<!-- Generated by org.testng.reporters.JUnitReportReporter -->
<testsuite hostname="Vediths-MacBook-Pro.local" failures="0" tests="3" name="test.day4" time="0.013" errors="0" timestamp="2025-10-01T21:22:58 IST" skipped="0">
  <testcase classname="test.day4" name="LoginAPIHome" time="0.003"/>
  <testcase classname="test.day4" name="WebLoginHome" time="0.003"/>
  <testcase classname="test.day4" name="MobileLoginHome" time="0.007"/>
</testsuite> <!-- test.day4 -->
