<?xml version="1.0" encoding="UTF-8"?>
<!-- Generated by org.testng.reporters.JUnitReportReporter -->
<testsuite hostname="Vediths-MacBook-Pro.local" failures="0" tests="7" name="test.day3" time="0.075" errors="0" timestamp="2025-10-01T21:22:58 IST" skipped="1">
  <testcase classname="test.day3" name="MobileSignOutCar" time="0.010"/>
  <testcase classname="test.day3" name="WebLoginCar" time="0.008"/>
  <testcase classname="test.day3" name="MobileSignOutCar" time="0.002"/>
  <testcase classname="test.day3" name="LoginAPICar" time="0.023"/>
  <testcase classname="test.day3" name="MobileSignInCar" time="0.024"/>
  <testcase classname="test.day3" name="MobileSignOutCar" time="0.008"/>
  <testcase classname="test.day3" name="MobileLoginCar">
    <skipped/>
  </testcase> <!-- MobileLoginCar -->
</testsuite> <!-- test.day3 -->
